Storing all relevant data...
Run all types of recourse...
results for up to 0 runs found


-------------
ITERATION 0
-------------
Creating 2 batches of data with 2000 observations
Split the data into 2 batches
Fitting model (type logreg)...
fitting model with the specified parameters
model fit with accuracy 0.8255
f1-score 0.8267990074441687
assessing how many recourse contenders
enough recourse contendors. continue.
create folder to starte results
Fitting 5 models for multiplicity robustness assessment.
[[-0.07987747 -0.02202228  1.02244766]]
[[ 0.07543405 -0.28069061  1.15870653]]
[[ 0.01081415 -0.14170465  1.05766882]]
[[-0.10695419 -0.00949834  1.11429718]]
[[1.78349015e-01 8.62576574e-04 1.02825426e+00]]


-------------
ITERATION 1
-------------
Creating 2 batches of data with 2000 observations
Split the data into 2 batches
Fitting model (type logreg)...
fitting model with the specified parameters
model fit with accuracy 0.832
f1-score 0.8330019880715707
assessing how many recourse contenders
enough recourse contendors. continue.
create folder to starte results
Fitting 5 models for multiplicity robustness assessment.
[[-0.0807267   0.02782837  0.97081733]]
[[ 0.13310333 -0.14480373  0.99541047]]
[[ 0.07160102 -0.18666221  0.98776202]]
[[0.0646571  0.024562   0.95761334]]
[[ 0.05938107 -0.05749945  1.02923847]]


-------------
ITERATION 2
-------------
Creating 2 batches of data with 2000 observations
Split the data into 2 batches
Fitting model (type logreg)...
fitting model with the specified parameters
model fit with accuracy 0.8345
f1-score 0.8362196932211776
assessing how many recourse contenders
enough recourse contendors. continue.
create folder to starte results
Fitting 5 models for multiplicity robustness assessment.
[[0.03505267 0.19416241 0.92878322]]
[[0.00607706 0.25040161 0.85667184]]
[[0.00791536 0.10389073 0.86628902]]
[[0.19017892 0.42700049 0.74703116]]
[[0.22140978 0.29720221 0.75052676]]
# of recourse individuals 200
# of recommended ixs 200
# of recourse individuals 200
# of recommended ixs 200
# of recourse individuals 200
# of recommended ixs 200
# of recourse individuals 199
# of recommended ixs 200
# of recourse individuals 197
# of recommended ixs 200
# of recourse individuals 200
# of recommended ixs 200
# of recourse individuals 199
# of recommended ixs 200
# of recourse individuals 200
# of recommended ixs 200
# of recourse individuals 198
# of recommended ixs 200
# of recourse individuals 198
# of recommended ixs 200
# of recourse individuals 200
# of recommended ixs 200
# of recourse individuals 200
# of recommended ixs 200
# of recourse individuals 200
# of recommended ixs 200
# of recourse individuals 199
# of recommended ixs 200
SUCCESS in folder /home/scur1398/icr/results-nsga3/3var-nc-collected/N4000_Nrec200_gam0.75_t0.5_lbd300.0_nit3_NGEN600_POPS300_1010/
# of recourse individuals 198
# of recommended ixs 200
# of recourse individuals 200
# of recommended ixs 200
# of recourse individuals 200
# of recommended ixs 200
# of recourse individuals 200
# of recommended ixs 200
# of recourse individuals 200
# of recommended ixs 200
# of recourse individuals 200
# of recommended ixs 200
# of recourse individuals 199
# of recommended ixs 200
# of recourse individuals 200
# of recommended ixs 200
# of recourse individuals 200
# of recommended ixs 200
# of recourse individuals 200
# of recommended ixs 200
# of recourse individuals 200
# of recommended ixs 200
# of recourse individuals 200
# of recommended ixs 200
# of recourse individuals 199
# of recommended ixs 200
# of recourse individuals 200
# of recommended ixs 200
SUCCESS in folder /home/scur1398/icr/results-nsga3/3var-nc-collected/N4000_Nrec200_gam0.95_t0.5_lbd300.0_nit3_NGEN600_POPS300_812/
# of recourse individuals 200
# of recommended ixs 200
# of recourse individuals 200
# of recommended ixs 200
# of recourse individuals 200
# of recommended ixs 200
# of recourse individuals 200
# of recommended ixs 200
# of recourse individuals 200
# of recommended ixs 200
# of recourse individuals 200
# of recommended ixs 200
# of recourse individuals 200
# of recommended ixs 200
# of recourse individuals 200
# of recommended ixs 200
# of recourse individuals 198
# of recommended ixs 200
# of recourse individuals 198
# of recommended ixs 200
# of recourse individuals 200
# of recommended ixs 200
# of recourse individuals 200
# of recommended ixs 200
# of recourse individuals 200
# of recommended ixs 200
# of recourse individuals 200
# of recommended ixs 200
SUCCESS in folder /home/scur1398/icr/results-nsga3/3var-nc-collected/N4000_Nrec200_gam0.85_t0.5_lbd300.0_nit3_NGEN600_POPS300_185/
# of recourse individuals 199
# of recommended ixs 200
# of recourse individuals 200
# of recommended ixs 200
# of recourse individuals 200
# of recommended ixs 200
# of recourse individuals 199
# of recommended ixs 200
# of recourse individuals 200
# of recommended ixs 200
# of recourse individuals 195
# of recommended ixs 196
# of recourse individuals 196
# of recommended ixs 200
# of recourse individuals 80
# of recommended ixs 200
# of recourse individuals 70
# of recommended ixs 196
# of recourse individuals 196
# of recommended ixs 200
# of recourse individuals 84
# of recommended ixs 200
# of recourse individuals 200
# of recommended ixs 200
# of recourse individuals 199
# of recommended ixs 200
# of recourse individuals 199
# of recommended ixs 200
# of recourse individuals 200
# of recommended ixs 200
SUCCESS in folder /home/scur1398/icr/results-nsga3/3var-nc-collected/N4000_Nrec200_gam0.9_t0.5_lbd300.0_nit3_NGEN600_POPS300_178/
FINISHED TIME: 17818.706233263016
