Storing all relevant data...
Run all types of recourse...
results for up to 0 runs found


-------------
ITERATION 0
-------------
Creating 2 batches of data with 1000 observations
Split the data into 2 batches
Fitting model (type logreg)...
fitting model with the specified parameters
model fit with accuracy 1.0
f1-score 1.0
assessing how many recourse contenders
enough recourse contendors. continue.
create folder to starte results
Fitting 5 models for multiplicity robustness assessment.
[[1.4847778 2.9695556 4.6028112]]
[[1.44064958 2.88129915 4.46601371]]
[[1.46800494 2.93600987 4.55081531]]
[[1.49318217 2.98636434 4.62886473]]
[[1.51371874 3.02743747 4.69252807]]


-------------
ITERATION 1
-------------
Creating 2 batches of data with 1000 observations
Split the data into 2 batches
Fitting model (type logreg)...
fitting model with the specified parameters
model fit with accuracy 1.0
f1-score 1.0
assessing how many recourse contenders
enough recourse contendors. continue.
create folder to starte results
Fitting 5 models for multiplicity robustness assessment.
[[1.43249358 2.86498716 4.4407301 ]]
[[1.47678214 2.95356428 4.57802464]]
[[1.50946112 3.01892224 4.67932946]]
[[1.47817931 2.95635862 4.58235588]]
[[1.48723182 2.97446365 4.61041867]]


-------------
ITERATION 2
-------------
Creating 2 batches of data with 1000 observations
Split the data into 2 batches
Fitting model (type logreg)...
fitting model with the specified parameters
model fit with accuracy 1.0
f1-score 1.0
assessing how many recourse contenders
enough recourse contendors. continue.
create folder to starte results
Fitting 5 models for multiplicity robustness assessment.
[[1.47094388 2.94188776 4.55992608]]
[[1.46415327 2.92830653 4.53887514]]
[[1.47081136 2.94162272 4.55951522]]
[[1.4530633  2.90612661 4.50449626]]
[[1.45789032 2.91578063 4.51945997]]
FINISHED TIME: 1274.1211683750153
