Storing all relevant data...
Run all types of recourse...
results for up to 0 runs found


-------------
ITERATION 0
-------------
Creating 2 batches of data with 100 observations
Split the data into 2 batches
Fitting model (type logreg)...
fitting model with the specified parameters
model fit with accuracy 1.0
f1-score 1.0
assessing how many recourse contenders
enough recourse contendors. continue.
create folder to starte results
Fitting 5 models for multiplicity robustness assessment.
[[-1.18996349 -2.37992699 19.20377089]]
[[-1.00799991 -2.01599982 19.57433457]]
[[-1.1517455  -2.30349099 18.77347488]]
[[-1.07159308 -2.14318615 18.38009463]]
[[-1.01264495 -2.02528989 19.35039002]]
