Storing all relevant data...
Run all types of recourse...
results for up to 0 runs found


-------------
ITERATION 0
-------------
Creating 2 batches of data with 1000 observations
Split the data into 2 batches
Fitting model (type MLP)...
fitting model with the specified parameters
/home/scur1025/.conda/envs/icr-env/lib/python3.9/site-packages/sklearn/neural_network/_multilayer_perceptron.py:691: ConvergenceWarning: Stochastic Optimizer: Maximum iterations (200) reached and the optimization hasn't converged yet.
  warnings.warn(
model fit with accuracy 0.997
f1-score 0.9969356486210419
assessing how many recourse contenders
enough recourse contendors. continue.
create folder to starte results
Fitting 5 models for multiplicity robustness assessment.
/home/scur1025/.conda/envs/icr-env/lib/python3.9/site-packages/sklearn/neural_network/_multilayer_perceptron.py:691: ConvergenceWarning: Stochastic Optimizer: Maximum iterations (200) reached and the optimization hasn't converged yet.
  warnings.warn(
/home/scur1025/.conda/envs/icr-env/lib/python3.9/site-packages/sklearn/neural_network/_multilayer_perceptron.py:691: ConvergenceWarning: Stochastic Optimizer: Maximum iterations (200) reached and the optimization hasn't converged yet.
  warnings.warn(
/home/scur1025/.conda/envs/icr-env/lib/python3.9/site-packages/sklearn/neural_network/_multilayer_perceptron.py:691: ConvergenceWarning: Stochastic Optimizer: Maximum iterations (200) reached and the optimization hasn't converged yet.
  warnings.warn(
/home/scur1025/.conda/envs/icr-env/lib/python3.9/site-packages/sklearn/neural_network/_multilayer_perceptron.py:691: ConvergenceWarning: Stochastic Optimizer: Maximum iterations (200) reached and the optimization hasn't converged yet.
  warnings.warn(
/home/scur1025/.conda/envs/icr-env/lib/python3.9/site-packages/sklearn/neural_network/_multilayer_perceptron.py:691: ConvergenceWarning: Stochastic Optimizer: Maximum iterations (200) reached and the optimization hasn't converged yet.
  warnings.warn(


-------------
ITERATION 1
-------------
Creating 2 batches of data with 1000 observations
Split the data into 2 batches
Fitting model (type MLP)...
fitting model with the specified parameters
/home/scur1025/.conda/envs/icr-env/lib/python3.9/site-packages/sklearn/neural_network/_multilayer_perceptron.py:691: ConvergenceWarning: Stochastic Optimizer: Maximum iterations (200) reached and the optimization hasn't converged yet.
  warnings.warn(
model fit with accuracy 0.997
f1-score 0.9969356486210419
assessing how many recourse contenders
enough recourse contendors. continue.
create folder to starte results
Fitting 5 models for multiplicity robustness assessment.
/home/scur1025/.conda/envs/icr-env/lib/python3.9/site-packages/sklearn/neural_network/_multilayer_perceptron.py:691: ConvergenceWarning: Stochastic Optimizer: Maximum iterations (200) reached and the optimization hasn't converged yet.
  warnings.warn(
/home/scur1025/.conda/envs/icr-env/lib/python3.9/site-packages/sklearn/neural_network/_multilayer_perceptron.py:691: ConvergenceWarning: Stochastic Optimizer: Maximum iterations (200) reached and the optimization hasn't converged yet.
  warnings.warn(
/home/scur1025/.conda/envs/icr-env/lib/python3.9/site-packages/sklearn/neural_network/_multilayer_perceptron.py:691: ConvergenceWarning: Stochastic Optimizer: Maximum iterations (200) reached and the optimization hasn't converged yet.
  warnings.warn(
/home/scur1025/.conda/envs/icr-env/lib/python3.9/site-packages/sklearn/neural_network/_multilayer_perceptron.py:691: ConvergenceWarning: Stochastic Optimizer: Maximum iterations (200) reached and the optimization hasn't converged yet.
  warnings.warn(
/home/scur1025/.conda/envs/icr-env/lib/python3.9/site-packages/sklearn/neural_network/_multilayer_perceptron.py:691: ConvergenceWarning: Stochastic Optimizer: Maximum iterations (200) reached and the optimization hasn't converged yet.
  warnings.warn(


-------------
ITERATION 2
-------------
Creating 2 batches of data with 1000 observations
Split the data into 2 batches
Fitting model (type MLP)...
fitting model with the specified parameters
/home/scur1025/.conda/envs/icr-env/lib/python3.9/site-packages/sklearn/neural_network/_multilayer_perceptron.py:691: ConvergenceWarning: Stochastic Optimizer: Maximum iterations (200) reached and the optimization hasn't converged yet.
  warnings.warn(
model fit with accuracy 0.997
f1-score 0.9969356486210419
assessing how many recourse contenders
enough recourse contendors. continue.
create folder to starte results
Fitting 5 models for multiplicity robustness assessment.
/home/scur1025/.conda/envs/icr-env/lib/python3.9/site-packages/sklearn/neural_network/_multilayer_perceptron.py:691: ConvergenceWarning: Stochastic Optimizer: Maximum iterations (200) reached and the optimization hasn't converged yet.
  warnings.warn(
/home/scur1025/.conda/envs/icr-env/lib/python3.9/site-packages/sklearn/neural_network/_multilayer_perceptron.py:691: ConvergenceWarning: Stochastic Optimizer: Maximum iterations (200) reached and the optimization hasn't converged yet.
  warnings.warn(
/home/scur1025/.conda/envs/icr-env/lib/python3.9/site-packages/sklearn/neural_network/_multilayer_perceptron.py:691: ConvergenceWarning: Stochastic Optimizer: Maximum iterations (200) reached and the optimization hasn't converged yet.
  warnings.warn(
/home/scur1025/.conda/envs/icr-env/lib/python3.9/site-packages/sklearn/neural_network/_multilayer_perceptron.py:691: ConvergenceWarning: Stochastic Optimizer: Maximum iterations (200) reached and the optimization hasn't converged yet.
  warnings.warn(
/home/scur1025/.conda/envs/icr-env/lib/python3.9/site-packages/sklearn/neural_network/_multilayer_perceptron.py:691: ConvergenceWarning: Stochastic Optimizer: Maximum iterations (200) reached and the optimization hasn't converged yet.
  warnings.warn(
# of recourse individuals 100
# of recommended ixs 100
# of recourse individuals 100
# of recommended ixs 100
# of recourse individuals 100
# of recommended ixs 100
# of recourse individuals 100
# of recommended ixs 100
# of recourse individuals 100
# of recommended ixs 100
# of recourse individuals 100
# of recommended ixs 100
# of recourse individuals 100
# of recommended ixs 100
# of recourse individuals 100
# of recommended ixs 100
# of recourse individuals 100
# of recommended ixs 100
# of recourse individuals 100
# of recommended ixs 100
SUCCESS in folder ../robustness/3var-causal/N2000_Nrec100_gam0.75_t0.5_lbd150.0_nit3_NGEN300_POPS150_107/
Not successful in directory ../robustness/3var-causal/N2000_Nrec100_gam0.75_t0.5_lbd150.0_nit3_NGEN300_POPS150_213/
"None of [Index(['eta', 'gamma', 'perc_recomm_found', 'eta_obs',\n       'eta_obs_individualized', 'eta_obs_refits_batch0_mean', 'gamma_obs',\n       'intv-cost'],\n      dtype='object')] are in the [columns]"
Not successful in directory ../robustness/3var-causal/N2000_Nrec100_gam0.75_t0.5_lbd150.0_nit3_NGEN300_POPS150_938/
"None of [Index(['eta', 'gamma', 'perc_recomm_found', 'eta_obs',\n       'eta_obs_individualized', 'eta_obs_refits_batch0_mean', 'gamma_obs',\n       'intv-cost'],\n      dtype='object')] are in the [columns]"
Not successful in directory ../robustness/3var-causal/N2000_Nrec100_gam0.75_t0.5_lbd150.0_nit3_NGEN300_POPS150_560/
"None of [Index(['eta', 'gamma', 'perc_recomm_found', 'eta_obs',\n       'eta_obs_individualized', 'eta_obs_refits_batch0_mean', 'gamma_obs',\n       'intv-cost'],\n      dtype='object')] are in the [columns]"
Not successful in directory ../robustness/3var-causal/N2000_Nrec100_gam0.95_t0.5_lbd150.0_nit3_NGEN300_POPS150_825/
"None of [Index(['eta', 'gamma', 'perc_recomm_found', 'eta_obs',\n       'eta_obs_individualized', 'eta_obs_refits_batch0_mean', 'gamma_obs',\n       'intv-cost'],\n      dtype='object')] are in the [columns]"
Not successful in directory ../robustness/3var-causal/N2000_Nrec100_gam0.95_t0.5_lbd150.0_nit3_NGEN300_POPS150_633/
"None of [Index(['eta', 'gamma', 'perc_recomm_found', 'eta_obs',\n       'eta_obs_individualized', 'eta_obs_refits_batch0_mean', 'gamma_obs',\n       'intv-cost'],\n      dtype='object')] are in the [columns]"
# of recourse individuals 100
# of recommended ixs 100
# of recourse individuals 100
# of recommended ixs 100
# of recourse individuals 100
# of recommended ixs 100
# of recourse individuals 100
# of recommended ixs 100
# of recourse individuals 100
# of recommended ixs 100
# of recourse individuals 100
# of recommended ixs 100
# of recourse individuals 100
# of recommended ixs 100
# of recourse individuals 100
# of recommended ixs 100
# of recourse individuals 100
# of recommended ixs 100
# of recourse individuals 100
# of recommended ixs 100
# of recourse individuals 100
# of recommended ixs 100
# of recourse individuals 100
# of recommended ixs 100
SUCCESS in folder ../robustness/3var-causal/N2000_Nrec100_gam0.95_t0.5_lbd150.0_nit3_NGEN300_POPS150_624/
Not successful in directory ../robustness/3var-causal/N2000_Nrec100_gam0.95_t0.5_lbd150.0_nit3_NGEN300_POPS150_992/
"None of [Index(['eta', 'gamma', 'perc_recomm_found', 'eta_obs',\n       'eta_obs_individualized', 'eta_obs_refits_batch0_mean', 'gamma_obs',\n       'intv-cost'],\n      dtype='object')] are in the [columns]"
# of recourse individuals 100
# of recommended ixs 100
# of recourse individuals 100
# of recommended ixs 100
# of recourse individuals 100
# of recommended ixs 100
# of recourse individuals 100
# of recommended ixs 100
# of recourse individuals 100
# of recommended ixs 100
# of recourse individuals 100
# of recommended ixs 100
# of recourse individuals 100
# of recommended ixs 100
# of recourse individuals 100
# of recommended ixs 100
# of recourse individuals 100
# of recommended ixs 100
# of recourse individuals 100
# of recommended ixs 100
# of recourse individuals 100
# of recommended ixs 100
# of recourse individuals 100
# of recommended ixs 100
# of recourse individuals 100
# of recommended ixs 100
# of recourse individuals 100
# of recommended ixs 100
# of recourse individuals 100
# of recommended ixs 100
SUCCESS in folder ../robustness/3var-causal/N2000_Nrec100_gam0.95_t0.5_lbd150.0_nit3_NGEN300_POPS150_222/
Not successful in directory ../robustness/3var-causal/N2000_Nrec100_gam0.75_t0.5_lbd150.0_nit3_NGEN300_POPS150_86/
"None of [Index(['eta', 'gamma', 'perc_recomm_found', 'eta_obs',\n       'eta_obs_individualized', 'eta_obs_refits_batch0_mean', 'gamma_obs',\n       'intv-cost'],\n      dtype='object')] are in the [columns]"
# of recourse individuals 100
# of recommended ixs 100
# of recourse individuals 100
# of recommended ixs 100
# of recourse individuals 100
# of recommended ixs 100
# of recourse individuals 100
# of recommended ixs 100
# of recourse individuals 100
# of recommended ixs 100
# of recourse individuals 100
# of recommended ixs 100
# of recourse individuals 100
# of recommended ixs 100
# of recourse individuals 100
# of recommended ixs 100
# of recourse individuals 100
# of recommended ixs 100
# of recourse individuals 100
# of recommended ixs 100
# of recourse individuals 100
# of recommended ixs 100
# of recourse individuals 100
# of recommended ixs 100
# of recourse individuals 100
# of recommended ixs 100
# of recourse individuals 100
# of recommended ixs 100
SUCCESS in folder ../robustness/3var-causal/N2000_Nrec100_gam0.75_t0.5_lbd150.0_nit3_NGEN300_POPS150_558/
Not successful in directory ../robustness/3var-causal/N2000_Nrec100_gam0.95_t0.5_lbd150.0_nit3_NGEN300_POPS150_734/
"None of [Index(['eta', 'gamma', 'perc_recomm_found', 'eta_obs',\n       'eta_obs_individualized', 'eta_obs_refits_batch0_mean', 'gamma_obs',\n       'intv-cost'],\n      dtype='object')] are in the [columns]"
Not successful in directory ../robustness/3var-causal/N2000_Nrec100_gam0.95_t0.5_lbd150.0_nit3_NGEN300_POPS150_20/
"None of [Index(['eta', 'gamma', 'perc_recomm_found', 'eta_obs',\n       'eta_obs_individualized', 'eta_obs_refits_batch0_mean', 'gamma_obs',\n       'intv-cost'],\n      dtype='object')] are in the [columns]"
Not successful in directory ../robustness/3var-causal/N2000_Nrec100_gam0.75_t0.5_lbd150.0_nit3_NGEN300_POPS150_1002/
"None of [Index(['eta', 'gamma', 'perc_recomm_found', 'eta_obs',\n       'eta_obs_individualized', 'eta_obs_refits_batch0_mean', 'gamma_obs',\n       'intv-cost'],\n      dtype='object')] are in the [columns]"
FINISHED TIME: 1300.2820510864258
