============================================================================================== 
Warning! Mixing Conda and module environments may lead to corruption of the
user environment. 
We do not recommend users mixing those two environments unless absolutely
necessary. Note that 
SURF does not provide any support for Conda environment.
For more information, please refer to our software policy page:
https://servicedesk.surf.nl/wiki/display/WIKI/Software+policy+Snellius+and+Lisa#SoftwarepolicySnelliusandLisa-UseofAnacondaandMinicondaenvironmentsonSnellius 

Remember that many packages have already been installed on the system and can
be loaded using 
the 'module load <package__name>' command. If you are uncertain if a package is
already available 
on the system, please use 'module avail' or 'module spider' to search for it.
============================================================================================== 
Trace: [2024-01-23T17:12:56.884Z] trace Using extensions-dir /gpfs/home3/scur1398/.conda/envs/icr-env/share/code-server/extensions
    at doLog (/gpfs/home3/scur1398/.conda/envs/icr-env/share/code-server/node_modules/@coder/logger/out/logger.js:57:28)
    at ServerFormatter.doWrite (/gpfs/home3/scur1398/.conda/envs/icr-env/share/code-server/node_modules/@coder/logger/out/logger.js:200:20)
    at ServerFormatter.write (/gpfs/home3/scur1398/.conda/envs/icr-env/share/code-server/node_modules/@coder/logger/out/logger.js:119:14)
    at Logger.handle (/gpfs/home3/scur1398/.conda/envs/icr-env/share/code-server/node_modules/@coder/logger/out/logger.js:339:25)
    at Logger.trace (/gpfs/home3/scur1398/.conda/envs/icr-env/share/code-server/node_modules/@coder/logger/out/logger.js:268:14)
    at /gpfs/home3/scur1398/.conda/envs/icr-env/share/code-server/out/node/main.js:119:21
    at Generator.next (<anonymous>)
    at /gpfs/home3/scur1398/.conda/envs/icr-env/share/code-server/out/node/main.js:31:71
    at new Promise (<anonymous>)
    at __awaiter (/gpfs/home3/scur1398/.conda/envs/icr-env/share/code-server/out/node/main.js:27:12)
Trace: [2024-01-23T17:13:44.432Z] trace heartbeat
    at doLog (/gpfs/home3/scur1398/.conda/envs/icr-env/share/code-server/node_modules/@coder/logger/out/logger.js:57:28)
    at ServerFormatter.doWrite (/gpfs/home3/scur1398/.conda/envs/icr-env/share/code-server/node_modules/@coder/logger/out/logger.js:200:20)
    at ServerFormatter.write (/gpfs/home3/scur1398/.conda/envs/icr-env/share/code-server/node_modules/@coder/logger/out/logger.js:119:14)
    at Logger.handle (/gpfs/home3/scur1398/.conda/envs/icr-env/share/code-server/node_modules/@coder/logger/out/logger.js:339:25)
    at Logger.trace (/gpfs/home3/scur1398/.conda/envs/icr-env/share/code-server/node_modules/@coder/logger/out/logger.js:268:14)
    at Heart.<anonymous> (/gpfs/home3/scur1398/.conda/envs/icr-env/share/code-server/out/node/heart.js:41:29)
    at Generator.next (<anonymous>)
    at /gpfs/home3/scur1398/.conda/envs/icr-env/share/code-server/out/node/heart.js:8:71
    at new Promise (<anonymous>)
    at __awaiter (/gpfs/home3/scur1398/.conda/envs/icr-env/share/code-server/out/node/heart.js:4:12)
File not found: /gpfs/home3/scur1398/.conda/envs/icr-env/share/code-server/lib/vscode/out/vsda.js
File not found: /gpfs/home3/scur1398/.conda/envs/icr-env/share/code-server/lib/vscode/out/vsda_bg.wasm
[18:13:49] Using the in-memory credential store as the operating system's credential store could not be accessed. Please see https://aka.ms/vscode-server-keyring on how to set this up. Details: Cannot autolaunch D-Bus without X11 $DISPLAY
Trace: [2024-01-23T17:14:44.435Z] trace heartbeat
    at doLog (/gpfs/home3/scur1398/.conda/envs/icr-env/share/code-server/node_modules/@coder/logger/out/logger.js:57:28)
    at ServerFormatter.doWrite (/gpfs/home3/scur1398/.conda/envs/icr-env/share/code-server/node_modules/@coder/logger/out/logger.js:200:20)
    at ServerFormatter.write (/gpfs/home3/scur1398/.conda/envs/icr-env/share/code-server/node_modules/@coder/logger/out/logger.js:119:14)
    at Logger.handle (/gpfs/home3/scur1398/.conda/envs/icr-env/share/code-server/node_modules/@coder/logger/out/logger.js:339:25)
    at Logger.trace (/gpfs/home3/scur1398/.conda/envs/icr-env/share/code-server/node_modules/@coder/logger/out/logger.js:268:14)
    at Heart.<anonymous> (/gpfs/home3/scur1398/.conda/envs/icr-env/share/code-server/out/node/heart.js:41:29)
    at Generator.next (<anonymous>)
    at /gpfs/home3/scur1398/.conda/envs/icr-env/share/code-server/out/node/heart.js:8:71
    at new Promise (<anonymous>)
    at __awaiter (/gpfs/home3/scur1398/.conda/envs/icr-env/share/code-server/out/node/heart.js:4:12)
    at Heart.beat (/gpfs/home3/scur1398/.conda/envs/icr-env/share/code-server/out/node/heart.js:37:16)
    at /gpfs/home3/scur1398/.conda/envs/icr-env/share/code-server/out/node/heart.js:76:17
    at Generator.next (<anonymous>)
    at fulfilled (/gpfs/home3/scur1398/.conda/envs/icr-env/share/code-server/out/node/heart.js:5:58)
    at runMicrotasks (<anonymous>)
    at processTicksAndRejections (node:internal/process/task_queues:96:5)
Trace: [2024-01-23T17:15:44.437Z] trace heartbeat
    at doLog (/gpfs/home3/scur1398/.conda/envs/icr-env/share/code-server/node_modules/@coder/logger/out/logger.js:57:28)
    at ServerFormatter.doWrite (/gpfs/home3/scur1398/.conda/envs/icr-env/share/code-server/node_modules/@coder/logger/out/logger.js:200:20)
    at ServerFormatter.write (/gpfs/home3/scur1398/.conda/envs/icr-env/share/code-server/node_modules/@coder/logger/out/logger.js:119:14)
    at Logger.handle (/gpfs/home3/scur1398/.conda/envs/icr-env/share/code-server/node_modules/@coder/logger/out/logger.js:339:25)
    at Logger.trace (/gpfs/home3/scur1398/.conda/envs/icr-env/share/code-server/node_modules/@coder/logger/out/logger.js:268:14)
    at Heart.<anonymous> (/gpfs/home3/scur1398/.conda/envs/icr-env/share/code-server/out/node/heart.js:41:29)
    at Generator.next (<anonymous>)
    at /gpfs/home3/scur1398/.conda/envs/icr-env/share/code-server/out/node/heart.js:8:71
    at new Promise (<anonymous>)
    at __awaiter (/gpfs/home3/scur1398/.conda/envs/icr-env/share/code-server/out/node/heart.js:4:12)
    at Heart.beat (/gpfs/home3/scur1398/.conda/envs/icr-env/share/code-server/out/node/heart.js:37:16)
    at /gpfs/home3/scur1398/.conda/envs/icr-env/share/code-server/out/node/heart.js:76:17
    at Generator.next (<anonymous>)
    at fulfilled (/gpfs/home3/scur1398/.conda/envs/icr-env/share/code-server/out/node/heart.js:5:58)
    at runMicrotasks (<anonymous>)
    at processTicksAndRejections (node:internal/process/task_queues:96:5)
Trace: [2024-01-23T17:16:44.439Z] trace heartbeat
    at doLog (/gpfs/home3/scur1398/.conda/envs/icr-env/share/code-server/node_modules/@coder/logger/out/logger.js:57:28)
    at ServerFormatter.doWrite (/gpfs/home3/scur1398/.conda/envs/icr-env/share/code-server/node_modules/@coder/logger/out/logger.js:200:20)
    at ServerFormatter.write (/gpfs/home3/scur1398/.conda/envs/icr-env/share/code-server/node_modules/@coder/logger/out/logger.js:119:14)
    at Logger.handle (/gpfs/home3/scur1398/.conda/envs/icr-env/share/code-server/node_modules/@coder/logger/out/logger.js:339:25)
    at Logger.trace (/gpfs/home3/scur1398/.conda/envs/icr-env/share/code-server/node_modules/@coder/logger/out/logger.js:268:14)
    at Heart.<anonymous> (/gpfs/home3/scur1398/.conda/envs/icr-env/share/code-server/out/node/heart.js:41:29)
    at Generator.next (<anonymous>)
    at /gpfs/home3/scur1398/.conda/envs/icr-env/share/code-server/out/node/heart.js:8:71
    at new Promise (<anonymous>)
    at __awaiter (/gpfs/home3/scur1398/.conda/envs/icr-env/share/code-server/out/node/heart.js:4:12)
    at Heart.beat (/gpfs/home3/scur1398/.conda/envs/icr-env/share/code-server/out/node/heart.js:37:16)
    at /gpfs/home3/scur1398/.conda/envs/icr-env/share/code-server/out/node/heart.js:76:17
    at Generator.next (<anonymous>)
    at fulfilled (/gpfs/home3/scur1398/.conda/envs/icr-env/share/code-server/out/node/heart.js:5:58)
    at runMicrotasks (<anonymous>)
    at processTicksAndRejections (node:internal/process/task_queues:96:5)
Trace: [2024-01-23T17:17:44.440Z] trace heartbeat
    at doLog (/gpfs/home3/scur1398/.conda/envs/icr-env/share/code-server/node_modules/@coder/logger/out/logger.js:57:28)
    at ServerFormatter.doWrite (/gpfs/home3/scur1398/.conda/envs/icr-env/share/code-server/node_modules/@coder/logger/out/logger.js:200:20)
    at ServerFormatter.write (/gpfs/home3/scur1398/.conda/envs/icr-env/share/code-server/node_modules/@coder/logger/out/logger.js:119:14)
    at Logger.handle (/gpfs/home3/scur1398/.conda/envs/icr-env/share/code-server/node_modules/@coder/logger/out/logger.js:339:25)
    at Logger.trace (/gpfs/home3/scur1398/.conda/envs/icr-env/share/code-server/node_modules/@coder/logger/out/logger.js:268:14)
    at Heart.<anonymous> (/gpfs/home3/scur1398/.conda/envs/icr-env/share/code-server/out/node/heart.js:41:29)
    at Generator.next (<anonymous>)
    at /gpfs/home3/scur1398/.conda/envs/icr-env/share/code-server/out/node/heart.js:8:71
    at new Promise (<anonymous>)
    at __awaiter (/gpfs/home3/scur1398/.conda/envs/icr-env/share/code-server/out/node/heart.js:4:12)
    at Heart.beat (/gpfs/home3/scur1398/.conda/envs/icr-env/share/code-server/out/node/heart.js:37:16)
    at /gpfs/home3/scur1398/.conda/envs/icr-env/share/code-server/out/node/heart.js:76:17
    at Generator.next (<anonymous>)
    at fulfilled (/gpfs/home3/scur1398/.conda/envs/icr-env/share/code-server/out/node/heart.js:5:58)
    at runMicrotasks (<anonymous>)
    at processTicksAndRejections (node:internal/process/task_queues:96:5)
Trace: [2024-01-23T17:18:44.441Z] trace heartbeat
    at doLog (/gpfs/home3/scur1398/.conda/envs/icr-env/share/code-server/node_modules/@coder/logger/out/logger.js:57:28)
    at ServerFormatter.doWrite (/gpfs/home3/scur1398/.conda/envs/icr-env/share/code-server/node_modules/@coder/logger/out/logger.js:200:20)
    at ServerFormatter.write (/gpfs/home3/scur1398/.conda/envs/icr-env/share/code-server/node_modules/@coder/logger/out/logger.js:119:14)
    at Logger.handle (/gpfs/home3/scur1398/.conda/envs/icr-env/share/code-server/node_modules/@coder/logger/out/logger.js:339:25)
    at Logger.trace (/gpfs/home3/scur1398/.conda/envs/icr-env/share/code-server/node_modules/@coder/logger/out/logger.js:268:14)
    at Heart.<anonymous> (/gpfs/home3/scur1398/.conda/envs/icr-env/share/code-server/out/node/heart.js:41:29)
    at Generator.next (<anonymous>)
    at /gpfs/home3/scur1398/.conda/envs/icr-env/share/code-server/out/node/heart.js:8:71
    at new Promise (<anonymous>)
    at __awaiter (/gpfs/home3/scur1398/.conda/envs/icr-env/share/code-server/out/node/heart.js:4:12)
    at Heart.beat (/gpfs/home3/scur1398/.conda/envs/icr-env/share/code-server/out/node/heart.js:37:16)
    at /gpfs/home3/scur1398/.conda/envs/icr-env/share/code-server/out/node/heart.js:76:17
    at Generator.next (<anonymous>)
    at fulfilled (/gpfs/home3/scur1398/.conda/envs/icr-env/share/code-server/out/node/heart.js:5:58)
    at runMicrotasks (<anonymous>)
    at processTicksAndRejections (node:internal/process/task_queues:96:5)
Trace: [2024-01-23T17:19:44.443Z] trace heartbeat
    at doLog (/gpfs/home3/scur1398/.conda/envs/icr-env/share/code-server/node_modules/@coder/logger/out/logger.js:57:28)
    at ServerFormatter.doWrite (/gpfs/home3/scur1398/.conda/envs/icr-env/share/code-server/node_modules/@coder/logger/out/logger.js:200:20)
    at ServerFormatter.write (/gpfs/home3/scur1398/.conda/envs/icr-env/share/code-server/node_modules/@coder/logger/out/logger.js:119:14)
    at Logger.handle (/gpfs/home3/scur1398/.conda/envs/icr-env/share/code-server/node_modules/@coder/logger/out/logger.js:339:25)
    at Logger.trace (/gpfs/home3/scur1398/.conda/envs/icr-env/share/code-server/node_modules/@coder/logger/out/logger.js:268:14)
    at Heart.<anonymous> (/gpfs/home3/scur1398/.conda/envs/icr-env/share/code-server/out/node/heart.js:41:29)
    at Generator.next (<anonymous>)
    at /gpfs/home3/scur1398/.conda/envs/icr-env/share/code-server/out/node/heart.js:8:71
    at new Promise (<anonymous>)
    at __awaiter (/gpfs/home3/scur1398/.conda/envs/icr-env/share/code-server/out/node/heart.js:4:12)
    at Heart.beat (/gpfs/home3/scur1398/.conda/envs/icr-env/share/code-server/out/node/heart.js:37:16)
    at /gpfs/home3/scur1398/.conda/envs/icr-env/share/code-server/out/node/heart.js:76:17
    at Generator.next (<anonymous>)
    at fulfilled (/gpfs/home3/scur1398/.conda/envs/icr-env/share/code-server/out/node/heart.js:5:58)
    at runMicrotasks (<anonymous>)
    at processTicksAndRejections (node:internal/process/task_queues:96:5)
[18:20:26] No ptyHost heartbeat after 6 seconds
Trace: [2024-01-23T17:20:44.445Z] trace heartbeat
    at doLog (/gpfs/home3/scur1398/.conda/envs/icr-env/share/code-server/node_modules/@coder/logger/out/logger.js:57:28)
    at ServerFormatter.doWrite (/gpfs/home3/scur1398/.conda/envs/icr-env/share/code-server/node_modules/@coder/logger/out/logger.js:200:20)
    at ServerFormatter.write (/gpfs/home3/scur1398/.conda/envs/icr-env/share/code-server/node_modules/@coder/logger/out/logger.js:119:14)
    at Logger.handle (/gpfs/home3/scur1398/.conda/envs/icr-env/share/code-server/node_modules/@coder/logger/out/logger.js:339:25)
    at Logger.trace (/gpfs/home3/scur1398/.conda/envs/icr-env/share/code-server/node_modules/@coder/logger/out/logger.js:268:14)
    at Heart.<anonymous> (/gpfs/home3/scur1398/.conda/envs/icr-env/share/code-server/out/node/heart.js:41:29)
    at Generator.next (<anonymous>)
    at /gpfs/home3/scur1398/.conda/envs/icr-env/share/code-server/out/node/heart.js:8:71
    at new Promise (<anonymous>)
    at __awaiter (/gpfs/home3/scur1398/.conda/envs/icr-env/share/code-server/out/node/heart.js:4:12)
    at Heart.beat (/gpfs/home3/scur1398/.conda/envs/icr-env/share/code-server/out/node/heart.js:37:16)
    at /gpfs/home3/scur1398/.conda/envs/icr-env/share/code-server/out/node/heart.js:76:17
    at Generator.next (<anonymous>)
    at fulfilled (/gpfs/home3/scur1398/.conda/envs/icr-env/share/code-server/out/node/heart.js:5:58)
    at runMicrotasks (<anonymous>)
    at processTicksAndRejections (node:internal/process/task_queues:96:5)
Trace: [2024-01-23T17:21:44.447Z] trace heartbeat
    at doLog (/gpfs/home3/scur1398/.conda/envs/icr-env/share/code-server/node_modules/@coder/logger/out/logger.js:57:28)
    at ServerFormatter.doWrite (/gpfs/home3/scur1398/.conda/envs/icr-env/share/code-server/node_modules/@coder/logger/out/logger.js:200:20)
    at ServerFormatter.write (/gpfs/home3/scur1398/.conda/envs/icr-env/share/code-server/node_modules/@coder/logger/out/logger.js:119:14)
    at Logger.handle (/gpfs/home3/scur1398/.conda/envs/icr-env/share/code-server/node_modules/@coder/logger/out/logger.js:339:25)
    at Logger.trace (/gpfs/home3/scur1398/.conda/envs/icr-env/share/code-server/node_modules/@coder/logger/out/logger.js:268:14)
    at Heart.<anonymous> (/gpfs/home3/scur1398/.conda/envs/icr-env/share/code-server/out/node/heart.js:41:29)
    at Generator.next (<anonymous>)
    at /gpfs/home3/scur1398/.conda/envs/icr-env/share/code-server/out/node/heart.js:8:71
    at new Promise (<anonymous>)
    at __awaiter (/gpfs/home3/scur1398/.conda/envs/icr-env/share/code-server/out/node/heart.js:4:12)
    at Heart.beat (/gpfs/home3/scur1398/.conda/envs/icr-env/share/code-server/out/node/heart.js:37:16)
    at /gpfs/home3/scur1398/.conda/envs/icr-env/share/code-server/out/node/heart.js:76:17
    at Generator.next (<anonymous>)
    at fulfilled (/gpfs/home3/scur1398/.conda/envs/icr-env/share/code-server/out/node/heart.js:5:58)
    at runMicrotasks (<anonymous>)
    at processTicksAndRejections (node:internal/process/task_queues:96:5)
[18:22:17] No ptyHost heartbeat after 6 seconds
Trace: [2024-01-23T17:22:44.449Z] trace heartbeat
    at doLog (/gpfs/home3/scur1398/.conda/envs/icr-env/share/code-server/node_modules/@coder/logger/out/logger.js:57:28)
    at ServerFormatter.doWrite (/gpfs/home3/scur1398/.conda/envs/icr-env/share/code-server/node_modules/@coder/logger/out/logger.js:200:20)
    at ServerFormatter.write (/gpfs/home3/scur1398/.conda/envs/icr-env/share/code-server/node_modules/@coder/logger/out/logger.js:119:14)
    at Logger.handle (/gpfs/home3/scur1398/.conda/envs/icr-env/share/code-server/node_modules/@coder/logger/out/logger.js:339:25)
    at Logger.trace (/gpfs/home3/scur1398/.conda/envs/icr-env/share/code-server/node_modules/@coder/logger/out/logger.js:268:14)
    at Heart.<anonymous> (/gpfs/home3/scur1398/.conda/envs/icr-env/share/code-server/out/node/heart.js:41:29)
    at Generator.next (<anonymous>)
    at /gpfs/home3/scur1398/.conda/envs/icr-env/share/code-server/out/node/heart.js:8:71
    at new Promise (<anonymous>)
    at __awaiter (/gpfs/home3/scur1398/.conda/envs/icr-env/share/code-server/out/node/heart.js:4:12)
    at Heart.beat (/gpfs/home3/scur1398/.conda/envs/icr-env/share/code-server/out/node/heart.js:37:16)
    at /gpfs/home3/scur1398/.conda/envs/icr-env/share/code-server/out/node/heart.js:76:17
    at Generator.next (<anonymous>)
    at fulfilled (/gpfs/home3/scur1398/.conda/envs/icr-env/share/code-server/out/node/heart.js:5:58)
    at runMicrotasks (<anonymous>)
    at processTicksAndRejections (node:internal/process/task_queues:96:5)
Trace: [2024-01-23T17:23:44.450Z] trace heartbeat
    at doLog (/gpfs/home3/scur1398/.conda/envs/icr-env/share/code-server/node_modules/@coder/logger/out/logger.js:57:28)
    at ServerFormatter.doWrite (/gpfs/home3/scur1398/.conda/envs/icr-env/share/code-server/node_modules/@coder/logger/out/logger.js:200:20)
    at ServerFormatter.write (/gpfs/home3/scur1398/.conda/envs/icr-env/share/code-server/node_modules/@coder/logger/out/logger.js:119:14)
    at Logger.handle (/gpfs/home3/scur1398/.conda/envs/icr-env/share/code-server/node_modules/@coder/logger/out/logger.js:339:25)
    at Logger.trace (/gpfs/home3/scur1398/.conda/envs/icr-env/share/code-server/node_modules/@coder/logger/out/logger.js:268:14)
    at Heart.<anonymous> (/gpfs/home3/scur1398/.conda/envs/icr-env/share/code-server/out/node/heart.js:41:29)
    at Generator.next (<anonymous>)
    at /gpfs/home3/scur1398/.conda/envs/icr-env/share/code-server/out/node/heart.js:8:71
    at new Promise (<anonymous>)
    at __awaiter (/gpfs/home3/scur1398/.conda/envs/icr-env/share/code-server/out/node/heart.js:4:12)
    at Heart.beat (/gpfs/home3/scur1398/.conda/envs/icr-env/share/code-server/out/node/heart.js:37:16)
    at /gpfs/home3/scur1398/.conda/envs/icr-env/share/code-server/out/node/heart.js:76:17
    at Generator.next (<anonymous>)
    at fulfilled (/gpfs/home3/scur1398/.conda/envs/icr-env/share/code-server/out/node/heart.js:5:58)
    at runMicrotasks (<anonymous>)
    at processTicksAndRejections (node:internal/process/task_queues:96:5)
[18:23:56] No ptyHost heartbeat after 6 seconds
Trace: [2024-01-23T17:24:44.452Z] trace heartbeat
    at doLog (/gpfs/home3/scur1398/.conda/envs/icr-env/share/code-server/node_modules/@coder/logger/out/logger.js:57:28)
    at ServerFormatter.doWrite (/gpfs/home3/scur1398/.conda/envs/icr-env/share/code-server/node_modules/@coder/logger/out/logger.js:200:20)
    at ServerFormatter.write (/gpfs/home3/scur1398/.conda/envs/icr-env/share/code-server/node_modules/@coder/logger/out/logger.js:119:14)
    at Logger.handle (/gpfs/home3/scur1398/.conda/envs/icr-env/share/code-server/node_modules/@coder/logger/out/logger.js:339:25)
    at Logger.trace (/gpfs/home3/scur1398/.conda/envs/icr-env/share/code-server/node_modules/@coder/logger/out/logger.js:268:14)
    at Heart.<anonymous> (/gpfs/home3/scur1398/.conda/envs/icr-env/share/code-server/out/node/heart.js:41:29)
    at Generator.next (<anonymous>)
    at /gpfs/home3/scur1398/.conda/envs/icr-env/share/code-server/out/node/heart.js:8:71
    at new Promise (<anonymous>)
    at __awaiter (/gpfs/home3/scur1398/.conda/envs/icr-env/share/code-server/out/node/heart.js:4:12)
    at Heart.beat (/gpfs/home3/scur1398/.conda/envs/icr-env/share/code-server/out/node/heart.js:37:16)
    at /gpfs/home3/scur1398/.conda/envs/icr-env/share/code-server/out/node/heart.js:76:17
    at Generator.next (<anonymous>)
    at fulfilled (/gpfs/home3/scur1398/.conda/envs/icr-env/share/code-server/out/node/heart.js:5:58)
    at runMicrotasks (<anonymous>)
    at processTicksAndRejections (node:internal/process/task_queues:96:5)
