Storing all relevant data...
Run all types of recourse...
results for up to 0 runs found


-------------
ITERATION 0
-------------
Creating 2 batches of data with 1000 observations
Split the data into 2 batches
Fitting model (type SVC)...
fitting model with the specified parameters
model fit with accuracy 1.0
f1-score 1.0
assessing how many recourse contenders
enough recourse contendors. continue.
create folder to starte results
Fitting 5 models for multiplicity robustness assessment.


-------------
ITERATION 1
-------------
Creating 2 batches of data with 1000 observations
Split the data into 2 batches
Fitting model (type SVC)...
fitting model with the specified parameters
model fit with accuracy 1.0
f1-score 1.0
assessing how many recourse contenders
enough recourse contendors. continue.
create folder to starte results
Fitting 5 models for multiplicity robustness assessment.


-------------
ITERATION 2
-------------
Creating 2 batches of data with 1000 observations
Split the data into 2 batches
Fitting model (type SVC)...
fitting model with the specified parameters
model fit with accuracy 1.0
f1-score 1.0
assessing how many recourse contenders
enough recourse contendors. continue.
create folder to starte results
Fitting 5 models for multiplicity robustness assessment.
Not successful in directory ../robustness/3var-noncausal/N2000_Nrec100_gam0.75_t0.5_lbd150.0_nit3_NGEN300_POPS150_979/
"None of [Index(['eta', 'gamma', 'perc_recomm_found', 'eta_obs',\n       'eta_obs_individualized', 'eta_obs_refits_batch0_mean', 'gamma_obs',\n       'intv-cost'],\n      dtype='object')] are in the [columns]"
# of recourse individuals 100
# of recommended ixs 100
# of recourse individuals 100
# of recommended ixs 100
# of recourse individuals 100
# of recommended ixs 100
# of recourse individuals 100
# of recommended ixs 100
# of recourse individuals 100
# of recommended ixs 100
# of recourse individuals 100
# of recommended ixs 100
# of recourse individuals 100
# of recommended ixs 100
# of recourse individuals 100
# of recommended ixs 100
# of recourse individuals 100
# of recommended ixs 100
# of recourse individuals 100
# of recommended ixs 100
# of recourse individuals 100
# of recommended ixs 100
# of recourse individuals 100
# of recommended ixs 100
# of recourse individuals 100
# of recommended ixs 100
# of recourse individuals 100
# of recommended ixs 100
SUCCESS in folder ../robustness/3var-noncausal/N2000_Nrec100_gam0.75_t0.5_lbd150.0_nit3_NGEN300_POPS150_346/
Not successful in directory ../robustness/3var-noncausal/N2000_Nrec100_gam0.75_t0.5_lbd150.0_nit3_NGEN300_POPS150_427/
"None of [Index(['eta', 'gamma', 'perc_recomm_found', 'eta_obs',\n       'eta_obs_individualized', 'eta_obs_refits_batch0_mean', 'gamma_obs',\n       'intv-cost'],\n      dtype='object')] are in the [columns]"
Not successful in directory ../robustness/3var-noncausal/N2000_Nrec100_gam0.95_t0.5_lbd150.0_nit3_NGEN300_POPS150_587/
"None of [Index(['eta', 'gamma', 'perc_recomm_found', 'eta_obs',\n       'eta_obs_individualized', 'eta_obs_refits_batch0_mean', 'gamma_obs',\n       'intv-cost'],\n      dtype='object')] are in the [columns]"
# of recourse individuals 100
# of recommended ixs 100
# of recourse individuals 100
# of recommended ixs 100
# of recourse individuals 100
# of recommended ixs 100
# of recourse individuals 100
# of recommended ixs 100
# of recourse individuals 100
# of recommended ixs 100
# of recourse individuals 100
# of recommended ixs 100
# of recourse individuals 100
# of recommended ixs 100
# of recourse individuals 100
# of recommended ixs 100
# of recourse individuals 100
# of recommended ixs 100
# of recourse individuals 100
# of recommended ixs 100
# of recourse individuals 100
# of recommended ixs 100
# of recourse individuals 100
# of recommended ixs 100
# of recourse individuals 100
# of recommended ixs 100
# of recourse individuals 100
# of recommended ixs 100
# of recourse individuals 100
# of recommended ixs 100
SUCCESS in folder ../robustness/3var-noncausal/N2000_Nrec100_gam0.95_t0.5_lbd150.0_nit3_NGEN300_POPS150_44/
Not successful in directory ../robustness/3var-noncausal/N2000_Nrec100_gam0.95_t0.5_lbd150.0_nit3_NGEN300_POPS150_325/
"None of [Index(['eta', 'gamma', 'perc_recomm_found', 'eta_obs',\n       'eta_obs_individualized', 'eta_obs_refits_batch0_mean', 'gamma_obs',\n       'intv-cost'],\n      dtype='object')] are in the [columns]"
Not successful in directory ../robustness/3var-noncausal/N2000_Nrec100_gam0.95_t0.5_lbd150.0_nit3_NGEN300_POPS150_99/
"None of [Index(['eta', 'gamma', 'perc_recomm_found', 'eta_obs',\n       'eta_obs_individualized', 'eta_obs_refits_batch0_mean', 'gamma_obs',\n       'intv-cost'],\n      dtype='object')] are in the [columns]"
Not successful in directory ../robustness/3var-noncausal/N2000_Nrec100_gam0.75_t0.5_lbd150.0_nit3_NGEN300_POPS150_999/
"None of [Index(['eta', 'gamma', 'perc_recomm_found', 'eta_obs',\n       'eta_obs_individualized', 'eta_obs_refits_batch0_mean', 'gamma_obs',\n       'intv-cost'],\n      dtype='object')] are in the [columns]"
Not successful in directory ../robustness/3var-noncausal/N2000_Nrec100_gam0.95_t0.5_lbd150.0_nit3_NGEN300_POPS150_591/
"None of [Index(['eta', 'gamma', 'perc_recomm_found', 'eta_obs',\n       'eta_obs_individualized', 'eta_obs_refits_batch0_mean', 'gamma_obs',\n       'intv-cost'],\n      dtype='object')] are in the [columns]"
Not successful in directory ../robustness/3var-noncausal/N2000_Nrec100_gam0.75_t0.5_lbd150.0_nit3_NGEN300_POPS150_485/
"None of [Index(['eta', 'gamma', 'perc_recomm_found', 'eta_obs',\n       'eta_obs_individualized', 'eta_obs_refits_batch0_mean', 'gamma_obs',\n       'intv-cost'],\n      dtype='object')] are in the [columns]"
Not successful in directory ../robustness/3var-noncausal/N2000_Nrec100_gam0.95_t0.5_lbd150.0_nit3_NGEN300_POPS150_787/
"None of [Index(['eta', 'gamma', 'perc_recomm_found', 'eta_obs',\n       'eta_obs_individualized', 'eta_obs_refits_batch0_mean', 'gamma_obs',\n       'intv-cost'],\n      dtype='object')] are in the [columns]"
Not successful in directory ../robustness/3var-noncausal/N2000_Nrec100_gam0.75_t0.5_lbd150.0_nit3_NGEN300_POPS150_752/
"None of [Index(['eta', 'gamma', 'perc_recomm_found', 'eta_obs',\n       'eta_obs_individualized', 'eta_obs_refits_batch0_mean', 'gamma_obs',\n       'intv-cost'],\n      dtype='object')] are in the [columns]"
# of recourse individuals 100
# of recommended ixs 100
# of recourse individuals 100
# of recommended ixs 100
# of recourse individuals 100
# of recommended ixs 100
# of recourse individuals 100
# of recommended ixs 100
# of recourse individuals 100
# of recommended ixs 100
# of recourse individuals 100
# of recommended ixs 100
# of recourse individuals 100
# of recommended ixs 100
# of recourse individuals 100
# of recommended ixs 100
# of recourse individuals 100
# of recommended ixs 100
# of recourse individuals 100
# of recommended ixs 100
# of recourse individuals 100
# of recommended ixs 100
# of recourse individuals 100
# of recommended ixs 100
# of recourse individuals 100
# of recommended ixs 100
# of recourse individuals 100
# of recommended ixs 100
# of recourse individuals 100
# of recommended ixs 100
SUCCESS in folder ../robustness/3var-noncausal/N2000_Nrec100_gam0.75_t0.5_lbd150.0_nit3_NGEN300_POPS150_670/
# of recourse individuals 100
# of recommended ixs 100
# of recourse individuals 100
# of recommended ixs 100
# of recourse individuals 100
# of recommended ixs 100
# of recourse individuals 100
# of recommended ixs 100
# of recourse individuals 100
# of recommended ixs 100
# of recourse individuals 100
# of recommended ixs 100
# of recourse individuals 100
# of recommended ixs 100
# of recourse individuals 100
# of recommended ixs 100
# of recourse individuals 100
# of recommended ixs 100
# of recourse individuals 100
# of recommended ixs 100
SUCCESS in folder ../robustness/3var-noncausal/N2000_Nrec100_gam0.95_t0.5_lbd150.0_nit3_NGEN300_POPS150_469/
FINISHED TIME: 1383.5721707344055
