Storing all relevant data...
Run all types of recourse...
results for up to 0 runs found


-------------
ITERATION 0
-------------
Creating 2 batches of data with 1000 observations
Split the data into 2 batches
Fitting model (type adaboost)...
fitting model with the specified parameters
model fit with accuracy 1.0
f1-score 1.0
assessing how many recourse contenders
enough recourse contendors. continue.
create folder to starte results
Fitting 5 models for multiplicity robustness assessment.


-------------
ITERATION 1
-------------
Creating 2 batches of data with 1000 observations
Split the data into 2 batches
Fitting model (type adaboost)...
fitting model with the specified parameters
model fit with accuracy 1.0
f1-score 1.0
assessing how many recourse contenders
enough recourse contendors. continue.
create folder to starte results
Fitting 5 models for multiplicity robustness assessment.


-------------
ITERATION 2
-------------
Creating 2 batches of data with 1000 observations
Split the data into 2 batches
Fitting model (type adaboost)...
fitting model with the specified parameters
model fit with accuracy 1.0
f1-score 1.0
assessing how many recourse contenders
enough recourse contendors. continue.
create folder to starte results
Fitting 5 models for multiplicity robustness assessment.
# of recourse individuals 100
# of recommended ixs 100
# of recourse individuals 99
# of recommended ixs 100
# of recourse individuals 99
# of recommended ixs 100
# of recourse individuals 100
# of recommended ixs 100
SUCCESS in folder ../normal_results/3var-nc/N2000_Nrec100_gam0.75_t0.5_lbd150.0_nit3_NGEN300_POPS150_818/
# of recourse individuals 99
# of recommended ixs 100
# of recourse individuals 100
# of recommended ixs 100
# of recourse individuals 100
# of recommended ixs 100
# of recourse individuals 100
# of recommended ixs 100
# of recourse individuals 100
# of recommended ixs 100
# of recourse individuals 100
# of recommended ixs 100
# of recourse individuals 100
# of recommended ixs 100
# of recourse individuals 97
# of recommended ixs 100
# of recourse individuals 97
# of recommended ixs 100
# of recourse individuals 100
# of recommended ixs 100
# of recourse individuals 97
# of recommended ixs 100
# of recourse individuals 100
# of recommended ixs 100
# of recourse individuals 95
# of recommended ixs 100
# of recourse individuals 95
# of recommended ixs 100
# of recourse individuals 100
# of recommended ixs 100
SUCCESS in folder ../normal_results/3var-nc/N2000_Nrec100_gam0.95_t0.5_lbd150.0_nit3_NGEN300_POPS150_582/
# of recourse individuals 95
# of recommended ixs 100
# of recourse individuals 100
# of recommended ixs 100
# of recourse individuals 99
# of recommended ixs 100
# of recourse individuals 99
# of recommended ixs 100
# of recourse individuals 100
# of recommended ixs 100
SUCCESS in folder ../normal_results/3var-nc/N2000_Nrec100_gam0.95_t0.5_lbd150.0_nit3_NGEN300_POPS150_282/
# of recourse individuals 99
# of recommended ixs 100
# of recourse individuals 100
# of recommended ixs 100
# of recourse individuals 100
# of recommended ixs 100
# of recourse individuals 100
# of recommended ixs 100
# of recourse individuals 100
# of recommended ixs 100
# of recourse individuals 100
# of recommended ixs 100
# of recourse individuals 100
# of recommended ixs 100
# of recourse individuals 97
# of recommended ixs 100
# of recourse individuals 97
# of recommended ixs 100
# of recourse individuals 100
# of recommended ixs 100
# of recourse individuals 97
# of recommended ixs 100
# of recourse individuals 100
# of recommended ixs 100
# of recourse individuals 95
# of recommended ixs 100
# of recourse individuals 95
# of recommended ixs 100
# of recourse individuals 100
# of recommended ixs 100
SUCCESS in folder ../normal_results/3var-nc/N2000_Nrec100_gam0.75_t0.5_lbd150.0_nit3_NGEN300_POPS150_59/
FINISHED TIME: 1363.399037361145
