Storing all relevant data...
Run all types of recourse...
results for up to 0 runs found


-------------
ITERATION 0
-------------
Creating 2 batches of data with 1000 observations
Split the data into 2 batches
Fitting model (type logreg)...
fitting model with the specified parameters
model fit with accuracy 1.0
f1-score 1.0
assessing how many recourse contenders
enough recourse contendors. continue.
create folder to starte results
Fitting 5 models for multiplicity robustness assessment.
[[1.48074361 2.96148721 4.59030518]]
[[1.49314778 2.98629555 4.62875812]]
[[1.46749691 2.93499382 4.54924043]]
[[1.51834431 3.03668862 4.70686736]]
[[1.40593024 2.81186049 4.35838375]]


-------------
ITERATION 1
-------------
Creating 2 batches of data with 1000 observations
Split the data into 2 batches
Fitting model (type logreg)...
fitting model with the specified parameters
model fit with accuracy 1.0
f1-score 1.0
assessing how many recourse contenders
enough recourse contendors. continue.
create folder to starte results
Fitting 5 models for multiplicity robustness assessment.
[[1.46698023 2.93396047 4.54763872]]
[[1.4145628  2.8291256  4.38514467]]
[[1.44058896 2.88117793 4.46582579]]
[[1.49091115 2.98182229 4.62182454]]
[[1.4192104  2.83842079 4.39955223]]


-------------
ITERATION 2
-------------
Creating 2 batches of data with 1000 observations
Split the data into 2 batches
Fitting model (type logreg)...
fitting model with the specified parameters
model fit with accuracy 1.0
f1-score 1.0
assessing how many recourse contenders
enough recourse contendors. continue.
create folder to starte results
Fitting 5 models for multiplicity robustness assessment.
[[1.4994849  2.99896979 4.64840318]]
[[1.51129156 3.02258311 4.68500384]]
[[1.44020043 2.88040086 4.46462133]]
[[1.42866098 2.85732196 4.42884903]]
[[1.49435188 2.98870376 4.63249084]]
FINISHED TIME: 1779.3198115825653
