Storing all relevant data...
Run all types of recourse...
results for up to 0 runs found


-------------
ITERATION 0
-------------
Creating 2 batches of data with 10000 observations
Split the data into 2 batches
Fitting model (type rf)...
fitting model with the specified parameters
model fit with accuracy 1.0
f1-score 1.0
assessing how many recourse contenders
enough recourse contendors. continue.
create folder to starte results
Fitting 5 models for multiplicity robustness assessment.


-------------
ITERATION 1
-------------
Creating 2 batches of data with 10000 observations
Split the data into 2 batches
Fitting model (type rf)...
fitting model with the specified parameters
model fit with accuracy 0.9999
f1-score 0.9999438044394492
assessing how many recourse contenders
enough recourse contendors. continue.
create folder to starte results
Fitting 5 models for multiplicity robustness assessment.


-------------
ITERATION 2
-------------
Creating 2 batches of data with 10000 observations
Split the data into 2 batches
Fitting model (type rf)...
fitting model with the specified parameters
model fit with accuracy 1.0
f1-score 1.0
assessing how many recourse contenders
enough recourse contendors. continue.
create folder to starte results
Fitting 5 models for multiplicity robustness assessment.
# of recourse individuals 180
# of recommended ixs 200
# of recourse individuals 197
# of recommended ixs 200
# of recourse individuals 198
# of recommended ixs 192
# of recourse individuals 157
# of recommended ixs 200
# of recourse individuals 195
# of recommended ixs 198
# of recourse individuals 185
# of recommended ixs 200
# of recourse individuals 199
# of recommended ixs 200
# of recourse individuals 200
# of recommended ixs 198
# of recourse individuals 153
# of recommended ixs 200
# of recourse individuals 195
# of recommended ixs 194
# of recourse individuals 181
# of recommended ixs 200
# of recourse individuals 200
# of recommended ixs 200
# of recourse individuals 198
# of recommended ixs 194
# of recourse individuals 155
# of recommended ixs 200
SUCCESS in folder /home/scur1398/icr/results-nsga3/7var-covid-collected/N20000_Nrec200_gam0.85_t0.5_lbd2999.0_nit3_NGEN700_POPS300_942/
# of recourse individuals 197
# of recommended ixs 194
# of recourse individuals 178
# of recommended ixs 200
# of recourse individuals 199
# of recommended ixs 200
# of recourse individuals 200
# of recommended ixs 194
# of recourse individuals 132
# of recommended ixs 200
# of recourse individuals 187
# of recommended ixs 190
# of recourse individuals 166
# of recommended ixs 200
# of recourse individuals 199
# of recommended ixs 200
# of recourse individuals 200
# of recommended ixs 190
# of recourse individuals 136
# of recommended ixs 200
# of recourse individuals 181
# of recommended ixs 192
# of recourse individuals 177
# of recommended ixs 200
# of recourse individuals 200
# of recommended ixs 200
# of recourse individuals 200
# of recommended ixs 191
# of recourse individuals 135
# of recommended ixs 200
SUCCESS in folder /home/scur1398/icr/results-nsga3/7var-covid-collected/N20000_Nrec200_gam0.75_t0.5_lbd2999.0_nit3_NGEN700_POPS300_1017/
# of recourse individuals 180
# of recommended ixs 200
# of recourse individuals 200
# of recommended ixs 197
# of recourse individuals 183
# of recommended ixs 200
# of recourse individuals 200
# of recommended ixs 200
# of recourse individuals 200
# of recommended ixs 200
# of recourse individuals 198
# of recommended ixs 200
# of recourse individuals 199
# of recommended ixs 199
SUCCESS in folder /home/scur1398/icr/results-nsga3/7var-covid-collected/N20000_Nrec200_gam0.95_t0.5_lbd2999.0_nit3_NGEN700_POPS300_809/
# of recourse individuals 191
# of recommended ixs 196
# of recourse individuals 190
# of recommended ixs 200
# of recourse individuals 200
# of recommended ixs 200
# of recourse individuals 199
# of recommended ixs 195
# of recourse individuals 182
# of recommended ixs 200
# of recourse individuals 197
# of recommended ixs 197
# of recourse individuals 188
# of recommended ixs 200
# of recourse individuals 200
# of recommended ixs 200
# of recourse individuals 200
# of recommended ixs 198
# of recourse individuals 168
# of recommended ixs 200
# of recourse individuals 197
# of recommended ixs 200
# of recourse individuals 189
# of recommended ixs 200
# of recourse individuals 200
# of recommended ixs 200
# of recourse individuals 200
# of recommended ixs 200
# of recourse individuals 170
# of recommended ixs 200
SUCCESS in folder /home/scur1398/icr/results-nsga3/7var-covid-collected/N20000_Nrec200_gam0.9_t0.5_lbd2999.0_nit3_NGEN700_POPS300_696/
FINISHED TIME: 38342.87836575508
