Storing all relevant data...
Run all types of recourse...
results for up to 0 runs found


-------------
ITERATION 0
-------------
Creating 2 batches of data with 1000 observations
Split the data into 2 batches
Fitting model (type logreg)...
fitting model with the specified parameters
model fit with accuracy 1.0
f1-score 1.0
assessing how many recourse contenders
enough recourse contendors. continue.
create folder to starte results
Fitting 5 models for multiplicity robustness assessment.
[[0.3192882  0.6385764  4.08701654]]
[[0.3386765  0.677353   4.20486019]]
[[0.32657936 0.65315872 4.15685845]]
[[0.3226541  0.6453082  4.05847454]]
[[0.32398694 0.64797387 4.0663472 ]]


-------------
ITERATION 1
-------------
Creating 2 batches of data with 1000 observations
Split the data into 2 batches
Fitting model (type logreg)...
fitting model with the specified parameters
model fit with accuracy 1.0
f1-score 1.0
assessing how many recourse contenders
enough recourse contendors. continue.
create folder to starte results
Fitting 5 models for multiplicity robustness assessment.
[[0.32093262 0.64186524 4.06007281]]
[[0.32884716 0.65769431 3.93098554]]
[[0.3461559  0.69231181 4.01762144]]
[[0.32588343 0.65176686 3.89686247]]
[[0.31737663 0.63475326 4.10846244]]


-------------
ITERATION 2
-------------
Creating 2 batches of data with 1000 observations
Split the data into 2 batches
Fitting model (type logreg)...
fitting model with the specified parameters
model fit with accuracy 1.0
f1-score 1.0
assessing how many recourse contenders
enough recourse contendors. continue.
create folder to starte results
Fitting 5 models for multiplicity robustness assessment.
[[0.31917284 0.63834569 4.04452264]]
[[0.32742785 0.6548557  4.09540201]]
[[0.33827808 0.67655616 4.00315328]]
[[0.32656774 0.65313548 3.9440505 ]]
[[0.32891008 0.65782016 4.000651  ]]
FINISHED TIME: 1768.7169170379639
