Storing all relevant data...
Run all types of recourse...
results for up to 2 runs found


-------------
ITERATION 2
-------------
Creating 2 batches of data with 10000 observations
Split the data into 2 batches
Fitting model (type rf)...
fitting model with the specified parameters
model fit with accuracy 0.9996
f1-score 0.9997763113745666
assessing how many recourse contenders
enough recourse contendors. continue.
create folder to starte results
Fitting 5 models for multiplicity robustness assessment.
# of recourse individuals 200
# of recommended ixs 200
# of recourse individuals 200
# of recommended ixs 195
# of recourse individuals 186
# of recommended ixs 200
# of recourse individuals 198
# of recommended ixs 200
# of recourse individuals 200
# of recommended ixs 191
# of recourse individuals 159
# of recommended ixs 200
# of recourse individuals 199
# of recommended ixs 194
# of recourse individuals 181
# of recommended ixs 200
# of recourse individuals 200
# of recommended ixs 200
# of recourse individuals 200
# of recommended ixs 196
# of recourse individuals 161
# of recommended ixs 200
SUCCESS in folder /home/scur1398/icr/results/7var-covid/N20000_Nrec200_gam0.85_t0.5_lbd2999.0_nit3_NGEN700_POPS300_36/
# of recourse individuals 188
# of recommended ixs 200
# of recourse individuals 200
# of recommended ixs 200
# of recourse individuals 200
# of recommended ixs 196
# of recourse individuals 188
# of recommended ixs 200
# of recourse individuals 198
# of recommended ixs 199
# of recourse individuals 188
# of recommended ixs 200
# of recourse individuals 198
# of recommended ixs 200
# of recourse individuals 199
# of recommended ixs 199
# of recourse individuals 189
# of recommended ixs 200
# of recourse individuals 197
# of recommended ixs 199
# of recourse individuals 194
# of recommended ixs 200
# of recourse individuals 199
# of recommended ixs 200
# of recourse individuals 200
# of recommended ixs 200
# of recourse individuals 191
# of recommended ixs 200
SUCCESS in folder /home/scur1398/icr/results/7var-covid/N20000_Nrec200_gam0.95_t0.5_lbd2999.0_nit3_NGEN700_POPS300_400/
# of recourse individuals 198
# of recommended ixs 198
# of recourse individuals 193
# of recommended ixs 200
# of recourse individuals 200
# of recommended ixs 200
# of recourse individuals 199
# of recommended ixs 198
# of recourse individuals 183
# of recommended ixs 197
# of recourse individuals 180
# of recommended ixs 200
# of recourse individuals 200
# of recommended ixs 200
# of recourse individuals 200
# of recommended ixs 197
# of recourse individuals 172
# of recommended ixs 200
# of recourse individuals 191
# of recommended ixs 199
# of recourse individuals 191
# of recommended ixs 200
# of recourse individuals 200
# of recommended ixs 200
# of recourse individuals 200
# of recommended ixs 196
# of recourse individuals 162
# of recommended ixs 200
SUCCESS in folder /home/scur1398/icr/results/7var-covid/N20000_Nrec200_gam0.9_t0.5_lbd2999.0_nit3_NGEN700_POPS300_74/
# of recourse individuals 197
# of recommended ixs 189
# of recourse individuals 166
# of recommended ixs 192
# of recourse individuals 176
# of recommended ixs 200
# of recourse individuals 200
# of recommended ixs 200
# of recourse individuals 199
# of recommended ixs 187
# of recourse individuals 144
# of recommended ixs 200
# of recourse individuals 182
# of recommended ixs 187
# of recourse individuals 166
# of recommended ixs 200
# of recourse individuals 200
# of recommended ixs 200
# of recourse individuals 198
# of recommended ixs 193
# of recourse individuals 132
# of recommended ixs 200
SUCCESS in folder /home/scur1398/icr/results/7var-covid/N20000_Nrec200_gam0.75_t0.5_lbd2999.0_nit3_NGEN700_POPS300_943/
FINISHED TIME: 8776.28287100792
Storing all relevant data...
Run all types of recourse...
results for up to 2 runs found


-------------
ITERATION 2
-------------
Creating 2 batches of data with 10000 observations
Split the data into 2 batches
Fitting model (type rf)...
fitting model with the specified parameters
model fit with accuracy 1.0
f1-score 1.0
assessing how many recourse contenders
enough recourse contendors. continue.
create folder to starte results
Fitting 5 models for multiplicity robustness assessment.
