Storing all relevant data...
Run all types of recourse...
results for up to 0 runs found


-------------
ITERATION 0
-------------
Creating 2 batches of data with 1000 observations
Split the data into 2 batches
Fitting model (type adaboost)...
fitting model with the specified parameters
model fit with accuracy 1.0
f1-score 1.0
assessing how many recourse contenders
enough recourse contendors. continue.
create folder to starte results
Fitting 5 models for multiplicity robustness assessment.


-------------
ITERATION 1
-------------
Creating 2 batches of data with 1000 observations
Split the data into 2 batches
Fitting model (type adaboost)...
fitting model with the specified parameters
model fit with accuracy 1.0
f1-score 1.0
assessing how many recourse contenders
enough recourse contendors. continue.
create folder to starte results
Fitting 5 models for multiplicity robustness assessment.


-------------
ITERATION 2
-------------
Creating 2 batches of data with 1000 observations
Split the data into 2 batches
Fitting model (type adaboost)...
fitting model with the specified parameters
model fit with accuracy 1.0
f1-score 1.0
assessing how many recourse contenders
enough recourse contendors. continue.
create folder to starte results
Fitting 5 models for multiplicity robustness assessment.
# of recourse individuals 100
# of recommended ixs 100
# of recourse individuals 100
# of recommended ixs 100
# of recourse individuals 100
# of recommended ixs 100
# of recourse individuals 100
# of recommended ixs 100
# of recourse individuals 100
# of recommended ixs 100
# of recourse individuals 100
# of recommended ixs 100
# of recourse individuals 96
# of recommended ixs 100
# of recourse individuals 96
# of recommended ixs 100
# of recourse individuals 100
# of recommended ixs 100
# of recourse individuals 96
# of recommended ixs 100
# of recourse individuals 100
# of recommended ixs 100
# of recourse individuals 96
# of recommended ixs 100
# of recourse individuals 96
# of recommended ixs 100
# of recourse individuals 100
# of recommended ixs 100
SUCCESS in folder ../normal_results/3var-c/N2000_Nrec100_gam0.95_t0.5_lbd150.0_nit3_NGEN300_POPS150_327/
Not successful in directory ../normal_results/3var-c/N2000_Nrec100_gam0.75_t0.5_lbd150.0_nit3_NGEN300_POPS150_701/
"None of [Index(['eta', 'gamma', 'perc_recomm_found', 'eta_obs',\n       'eta_obs_individualized', 'eta_obs_refits_batch0_mean', 'gamma_obs',\n       'intv-cost'],\n      dtype='object')] are in the [columns]"
# of recourse individuals 96
# of recommended ixs 100
# of recourse individuals 100
# of recommended ixs 100
# of recourse individuals 100
# of recommended ixs 100
# of recourse individuals 100
# of recommended ixs 100
# of recourse individuals 100
# of recommended ixs 100
SUCCESS in folder ../normal_results/3var-c/N2000_Nrec100_gam0.75_t0.5_lbd150.0_nit3_NGEN300_POPS150_270/
# of recourse individuals 100
# of recommended ixs 100
# of recourse individuals 100
# of recommended ixs 100
# of recourse individuals 100
# of recommended ixs 100
# of recourse individuals 100
# of recommended ixs 100
# of recourse individuals 100
# of recommended ixs 100
# of recourse individuals 100
# of recommended ixs 100
# of recourse individuals 100
# of recommended ixs 100
# of recourse individuals 96
# of recommended ixs 100
# of recourse individuals 96
# of recommended ixs 100
# of recourse individuals 100
# of recommended ixs 100
# of recourse individuals 96
# of recommended ixs 100
# of recourse individuals 100
# of recommended ixs 100
# of recourse individuals 96
# of recommended ixs 100
# of recourse individuals 96
# of recommended ixs 100
# of recourse individuals 100
# of recommended ixs 100
SUCCESS in folder ../normal_results/3var-c/N2000_Nrec100_gam0.75_t0.5_lbd150.0_nit3_NGEN300_POPS150_297/
Not successful in directory ../normal_results/3var-c/N2000_Nrec100_gam0.95_t0.5_lbd150.0_nit3_NGEN300_POPS150_539/
"None of [Index(['eta', 'gamma', 'perc_recomm_found', 'eta_obs',\n       'eta_obs_individualized', 'eta_obs_refits_batch0_mean', 'gamma_obs',\n       'intv-cost'],\n      dtype='object')] are in the [columns]"
# of recourse individuals 96
# of recommended ixs 100
# of recourse individuals 100
# of recommended ixs 100
# of recourse individuals 100
# of recommended ixs 100
# of recourse individuals 100
# of recommended ixs 100
# of recourse individuals 100
# of recommended ixs 100
SUCCESS in folder ../normal_results/3var-c/N2000_Nrec100_gam0.95_t0.5_lbd150.0_nit3_NGEN300_POPS150_629/
FINISHED TIME: 1361.869552373886
