Storing all relevant data...
Run all types of recourse...
results for up to 0 runs found


-------------
ITERATION 0
-------------
Creating 2 batches of data with 1000 observations
Split the data into 2 batches
Fitting model (type logreg)...
fitting model with the specified parameters
model fit with accuracy 1.0
f1-score 1.0
assessing how many recourse contenders
enough recourse contendors. continue.
create folder to starte results
Fitting 5 models for multiplicity robustness assessment.
[[298.61268045 597.22536091 925.69930425]]
[[117.50620343 235.01240685 364.26923232]]
[[277.50015409 555.00030817 860.25048802]]
[[120.20718275 240.41436549 372.64226311]]
[[102.4944221  204.98884419 317.73271095]]


-------------
ITERATION 1
-------------
Creating 2 batches of data with 1000 observations
Split the data into 2 batches
Fitting model (type logreg)...
fitting model with the specified parameters
model fit with accuracy 1.0
f1-score 1.0
assessing how many recourse contenders
enough recourse contendors. continue.
create folder to starte results
Fitting 5 models for multiplicity robustness assessment.
[[249.22111271 498.44222542 772.58544323]]
[[106.69281934 213.38563869 330.74774214]]
[[ 77.54494438 155.08988876 240.38932003]]
[[ 72.23217956 144.46435912 223.91975769]]
[[228.04951857 456.09903714 706.9535031 ]]


-------------
ITERATION 2
-------------
Creating 2 batches of data with 1000 observations
Split the data into 2 batches
Fitting model (type logreg)...
fitting model with the specified parameters
model fit with accuracy 1.0
f1-score 1.0
assessing how many recourse contenders
enough recourse contendors. continue.
create folder to starte results
Fitting 5 models for multiplicity robustness assessment.
[[106.86483547 213.72967093 331.28098652]]
[[232.88091048 465.76182097 721.93082841]]
[[255.62973435 511.2594687  792.45217977]]
[[249.48368091 498.96736182 773.39942151]]
[[259.18362616 518.36725232 803.46924848]]
# of recourse individuals 100
# of recommended ixs 100
# of recourse individuals 100
# of recommended ixs 100
# of recourse individuals 100
# of recommended ixs 100
# of recourse individuals 100
# of recommended ixs 100
# of recourse individuals 100
# of recommended ixs 100
# of recourse individuals 100
# of recommended ixs 100
# of recourse individuals 100
# of recommended ixs 100
# of recourse individuals 100
# of recommended ixs 100
# of recourse individuals 100
# of recommended ixs 100
# of recourse individuals 100
# of recommended ixs 100
# of recourse individuals 100
# of recommended ixs 100
# of recourse individuals 100
# of recommended ixs 100
# of recourse individuals 100
# of recommended ixs 100
# of recourse individuals 100
# of recommended ixs 100
SUCCESS in folder /home/scur1025/antonis_dir/icr/results_reduced/3var-causal-collected-nsga2/N2000_Nrec100_gam0.9_t0.5_lbd300.0_nit3_NGEN300_POPS150_422/
# of recourse individuals 100
# of recommended ixs 100
# of recourse individuals 100
# of recommended ixs 100
# of recourse individuals 100
# of recommended ixs 100
# of recourse individuals 100
# of recommended ixs 100
# of recourse individuals 100
# of recommended ixs 100
# of recourse individuals 100
# of recommended ixs 100
# of recourse individuals 100
# of recommended ixs 100
# of recourse individuals 100
# of recommended ixs 100
# of recourse individuals 100
# of recommended ixs 100
# of recourse individuals 100
# of recommended ixs 100
# of recourse individuals 100
# of recommended ixs 100
# of recourse individuals 100
# of recommended ixs 100
# of recourse individuals 100
# of recommended ixs 100
# of recourse individuals 100
# of recommended ixs 100
# of recourse individuals 100
# of recommended ixs 100
SUCCESS in folder /home/scur1025/antonis_dir/icr/results_reduced/3var-causal-collected-nsga2/N2000_Nrec100_gam0.85_t0.5_lbd300.0_nit3_NGEN300_POPS150_27/
# of recourse individuals 100
# of recommended ixs 100
# of recourse individuals 100
# of recommended ixs 100
# of recourse individuals 100
# of recommended ixs 100
# of recourse individuals 100
# of recommended ixs 100
# of recourse individuals 100
# of recommended ixs 100
# of recourse individuals 100
# of recommended ixs 100
# of recourse individuals 100
# of recommended ixs 100
# of recourse individuals 100
# of recommended ixs 100
# of recourse individuals 100
# of recommended ixs 100
# of recourse individuals 100
# of recommended ixs 100
# of recourse individuals 100
# of recommended ixs 100
# of recourse individuals 100
# of recommended ixs 100
# of recourse individuals 100
# of recommended ixs 100
# of recourse individuals 100
# of recommended ixs 100
# of recourse individuals 100
# of recommended ixs 100
SUCCESS in folder /home/scur1025/antonis_dir/icr/results_reduced/3var-causal-collected-nsga2/N2000_Nrec100_gam0.75_t0.5_lbd300.0_nit3_NGEN300_POPS150_261/
# of recourse individuals 100
# of recommended ixs 100
# of recourse individuals 100
# of recommended ixs 100
# of recourse individuals 100
# of recommended ixs 100
# of recourse individuals 100
# of recommended ixs 100
# of recourse individuals 100
# of recommended ixs 100
# of recourse individuals 100
# of recommended ixs 100
# of recourse individuals 100
# of recommended ixs 100
# of recourse individuals 100
# of recommended ixs 100
# of recourse individuals 100
# of recommended ixs 100
# of recourse individuals 100
# of recommended ixs 100
# of recourse individuals 100
# of recommended ixs 100
# of recourse individuals 100
# of recommended ixs 100
# of recourse individuals 100
# of recommended ixs 100
# of recourse individuals 100
# of recommended ixs 100
# of recourse individuals 100
# of recommended ixs 100
SUCCESS in folder /home/scur1025/antonis_dir/icr/results_reduced/3var-causal-collected-nsga2/N2000_Nrec100_gam0.95_t0.5_lbd300.0_nit3_NGEN300_POPS150_46/
FINISHED TIME: 1279.6087157726288
