Storing all relevant data...
Run all types of recourse...
results for up to 0 runs found


-------------
ITERATION 0
-------------
Creating 2 batches of data with 2000 observations
Split the data into 2 batches
Fitting model (type logreg)...
fitting model with the specified parameters
model fit with accuracy 0.8205
f1-score 0.8209476309226933
assessing how many recourse contenders
enough recourse contendors. continue.
create folder to starte results
Fitting 5 models for multiplicity robustness assessment.
[[-0.14421313 -0.27462066  1.15146825]]
[[-0.17527388 -0.15048089  1.07828727]]
[[ 0.00455862 -0.09023657  1.04819825]]
[[-0.0122354  -0.09949088  0.97321252]]
[[-0.12913189 -0.19643272  1.07425018]]


-------------
ITERATION 1
-------------
Creating 2 batches of data with 2000 observations
Split the data into 2 batches
Fitting model (type logreg)...
fitting model with the specified parameters
model fit with accuracy 1.0
f1-score 1.0
assessing how many recourse contenders
enough recourse contendors. continue.
create folder to starte results
Fitting 5 models for multiplicity robustness assessment.
[[-63.90461778 -31.69968472  32.21802261]]
[[-65.79047247 -32.72953307  33.11967907]]
[[-61.53539046 -30.76355516  31.24377048]]
[[-71.19763809 -35.82838669  35.73423728]]
[[-64.98789365 -32.0298804   32.85449451]]


-------------
ITERATION 2
-------------
Creating 2 batches of data with 2000 observations
Split the data into 2 batches
Fitting model (type logreg)...
fitting model with the specified parameters
model fit with accuracy 0.827
f1-score 0.8300589390962672
assessing how many recourse contenders
enough recourse contendors. continue.
create folder to starte results
Fitting 5 models for multiplicity robustness assessment.
[[ 0.00942716 -0.01939698  0.9837139 ]]
[[-0.11388722 -0.07582522  0.97810559]]
[[-0.20993014 -0.13493104  1.19281264]]
[[-0.28278007 -0.14310913  1.11621934]]
[[-0.14994079 -0.03018009  1.07233041]]
# of recourse individuals 200
# of recommended ixs 200
# of recourse individuals 200
# of recommended ixs 200
# of recourse individuals 200
# of recommended ixs 200
# of recourse individuals 199
# of recommended ixs 200
# of recourse individuals 200
# of recommended ixs 200
# of recourse individuals 199
# of recommended ixs 200
# of recourse individuals 200
# of recommended ixs 200
# of recourse individuals 198
# of recommended ixs 200
# of recourse individuals 198
# of recommended ixs 200
# of recourse individuals 200
# of recommended ixs 200
# of recourse individuals 200
# of recommended ixs 200
# of recourse individuals 200
# of recommended ixs 200
# of recourse individuals 199
# of recommended ixs 200
SUCCESS in folder /home/scur1398/icr/results-nsga3/3var-nc-collected/N4000_Nrec200_gam0.75_t0.5_lbd300.0_nit3_NGEN600_POPS300_1010/
# of recourse individuals 198
# of recommended ixs 200
# of recourse individuals 200
# of recommended ixs 200
# of recourse individuals 200
# of recommended ixs 200
# of recourse individuals 200
# of recommended ixs 200
# of recourse individuals 200
# of recommended ixs 200
# of recourse individuals 200
# of recommended ixs 200
# of recourse individuals 199
# of recommended ixs 200
# of recourse individuals 200
# of recommended ixs 200
# of recourse individuals 200
# of recommended ixs 200
# of recourse individuals 200
# of recommended ixs 200
# of recourse individuals 200
# of recommended ixs 200
# of recourse individuals 200
# of recommended ixs 200
# of recourse individuals 199
# of recommended ixs 200
# of recourse individuals 200
# of recommended ixs 200
SUCCESS in folder /home/scur1398/icr/results-nsga3/3var-nc-collected/N4000_Nrec200_gam0.95_t0.5_lbd300.0_nit3_NGEN600_POPS300_812/
# of recourse individuals 200
# of recommended ixs 200
# of recourse individuals 200
# of recommended ixs 200
# of recourse individuals 200
# of recommended ixs 200
# of recourse individuals 200
# of recommended ixs 200
# of recourse individuals 200
# of recommended ixs 200
# of recourse individuals 200
# of recommended ixs 200
# of recourse individuals 200
# of recommended ixs 200
# of recourse individuals 200
# of recommended ixs 200
# of recourse individuals 198
# of recommended ixs 200
# of recourse individuals 198
# of recommended ixs 200
# of recourse individuals 200
# of recommended ixs 200
# of recourse individuals 200
# of recommended ixs 200
# of recourse individuals 200
# of recommended ixs 200
# of recourse individuals 200
# of recommended ixs 200
SUCCESS in folder /home/scur1398/icr/results-nsga3/3var-nc-collected/N4000_Nrec200_gam0.85_t0.5_lbd300.0_nit3_NGEN600_POPS300_185/
# of recourse individuals 199
# of recommended ixs 200
# of recourse individuals 200
# of recommended ixs 200
# of recourse individuals 200
# of recommended ixs 200
# of recourse individuals 199
# of recommended ixs 200
# of recourse individuals 200
# of recommended ixs 200
# of recourse individuals 195
# of recommended ixs 196
# of recourse individuals 196
# of recommended ixs 200
# of recourse individuals 80
# of recommended ixs 200
# of recourse individuals 70
# of recommended ixs 196
# of recourse individuals 196
# of recommended ixs 200
# of recourse individuals 84
# of recommended ixs 200
# of recourse individuals 200
# of recommended ixs 200
# of recourse individuals 199
# of recommended ixs 200
# of recourse individuals 199
# of recommended ixs 200
# of recourse individuals 200
# of recommended ixs 200
SUCCESS in folder /home/scur1398/icr/results-nsga3/3var-nc-collected/N4000_Nrec200_gam0.9_t0.5_lbd300.0_nit3_NGEN600_POPS300_178/
FINISHED TIME: 17678.75150156021
