Storing all relevant data...
Run all types of recourse...
results for up to 0 runs found


-------------
ITERATION 0
-------------
Creating 2 batches of data with 1000 observations
Split the data into 2 batches
Fitting model (type logreg)...
fitting model with the specified parameters
model fit with accuracy 1.0
f1-score 1.0
assessing how many recourse contenders
enough recourse contendors. continue.
create folder to starte results
Fitting 5 models for multiplicity robustness assessment.
[[0.33480465 0.6696093  3.9525652 ]]
[[0.31618039 0.63236079 4.08039621]]
[[0.33845469 0.67690937 3.89229717]]
[[0.3297917  0.65958339 4.10150343]]
[[0.32599452 0.65198903 4.14478383]]


-------------
ITERATION 1
-------------
Creating 2 batches of data with 1000 observations
Split the data into 2 batches
Fitting model (type logreg)...
fitting model with the specified parameters
model fit with accuracy 1.0
f1-score 1.0
assessing how many recourse contenders
enough recourse contendors. continue.
create folder to starte results
Fitting 5 models for multiplicity robustness assessment.
[[0.3121793 0.6243586 4.1237132]]
[[0.31143402 0.62286803 4.22717877]]
[[0.31801975 0.6360395  4.04756035]]
[[0.35598575 0.71197149 3.95684076]]
[[0.33235345 0.66470689 4.10985579]]


-------------
ITERATION 2
-------------
Creating 2 batches of data with 1000 observations
Split the data into 2 batches
Fitting model (type logreg)...
fitting model with the specified parameters
model fit with accuracy 1.0
f1-score 1.0
assessing how many recourse contenders
enough recourse contendors. continue.
create folder to starte results
Fitting 5 models for multiplicity robustness assessment.
[[0.33111728 0.66223456 3.93563793]]
[[0.33507881 0.67015762 3.96309116]]
[[0.34353559 0.68707117 3.95398486]]
[[0.33446497 0.66892995 4.12868918]]
[[0.33403241 0.66806481 3.866055  ]]
FINISHED TIME: 1265.2405252456665
